npm run deploy:eth

> hardhat-dex@1.0.0 deploy:eth
> hardhat run scripts/deploy-ethereum.ts --network sepolia

Deploying contracts with the account: 0x83De04f1aad8ABF1883166B14A29c084b7B8AB59
PriceOracle deployed to: 0x88641843Ec9bd359A32890b3Bc6b2a2Fdc7Ebe2A
MockERC20 deployed to: 0x2A854C3414fa6462EE05E71EE68122898264683c
LendingPool deployed to: 0xDDA6253b080E63a2386C851a29A05c23AC849bAc
LendingPoolBridge deployed to: 0x8B41b6faa030F2ED28224bAC9FAC9CBD19943f07
LendingPool ownership transferred to LendingPoolBridge
Verifying contracts on Etherscan...
Successfully submitted source code for contract
contracts/PriceOracle.sol:PriceOracle at 0x88641843Ec9bd359A32890b3Bc6b2a2Fdc7Ebe2A
for verification on the block explorer. Waiting for verification result...

Successfully verified contract PriceOracle on the block explorer.
https://sepolia.etherscan.io/address/0x88641843Ec9bd359A32890b3Bc6b2a2Fdc7Ebe2A#code

Successfully submitted source code for contract
contracts/mocks/MockERC20.sol:MockERC20 at 0x2A854C3414fa6462EE05E71EE68122898264683c
for verification on the block explorer. Waiting for verification result...

Successfully verified contract MockERC20 on the block explorer.
https://sepolia.etherscan.io/address/0x2A854C3414fa6462EE05E71EE68122898264683c#code

Successfully submitted source code for contract
contracts/LendingPool.sol:LendingPool at 0xDDA6253b080E63a2386C851a29A05c23AC849bAc
for verification on the block explorer. Waiting for verification result...

Successfully verified contract LendingPool on the block explorer.
https://sepolia.etherscan.io/address/0xDDA6253b080E63a2386C851a29A05c23AC849bAc#code

Successfully submitted source code for contract
contracts/LendingPoolBridge.sol:LendingPoolBridge at 0x8B41b6faa030F2ED28224bAC9FAC9CBD19943f07
for verification on the block explorer. Waiting for verification result...

Successfully verified contract LendingPoolBridge on the block explorer.
https://sepolia.etherscan.io/address/0x8B41b6faa030F2ED28224bAC9FAC9CBD19943f07#code